<?xml version="1.0" encoding="UTF-8"?>
<testng-results skipped="0" failed="0" total="1" passed="1">
  <reporter-output>
  </reporter-output>
  <suite name="Suite" duration-ms="322741" started-at="2017-07-12T02:22:08Z" finished-at="2017-07-12T02:27:30Z">
    <groups>
    </groups>
    <test name="Test" duration-ms="322741" started-at="2017-07-12T02:22:08Z" finished-at="2017-07-12T02:27:30Z">
      <class name="example.LoginPageTest">
        <test-method status="PASS" signature="beforeTest()[pri:0, instance:example.LoginPageTest@1a407d53]" name="beforeTest" is-config="true" duration-ms="15" started-at="2017-07-12T10:22:08Z" finished-at="2017-07-12T10:22:08Z">
          <reporter-output>
          </reporter-output>
        </test-method> <!-- beforeTest -->
        <test-method status="PASS" signature="beforeClass()[pri:0, instance:example.LoginPageTest@1a407d53]" name="beforeClass" is-config="true" duration-ms="3621" started-at="2017-07-12T10:22:08Z" finished-at="2017-07-12T10:22:11Z">
          <reporter-output>
          </reporter-output>
        </test-method> <!-- beforeClass -->
        <test-method status="PASS" signature="testLoginEss()[pri:0, instance:example.LoginPageTest@1a407d53]" name="testLoginEss" duration-ms="319105" started-at="2017-07-12T10:22:11Z" finished-at="2017-07-12T10:27:30Z">
          <reporter-output>
          </reporter-output>
        </test-method> <!-- testLoginEss -->
        <test-method status="PASS" signature="afterTest()[pri:0, instance:example.LoginPageTest@1a407d53]" name="afterTest" is-config="true" duration-ms="0" started-at="2017-07-12T10:27:30Z" finished-at="2017-07-12T10:27:30Z">
          <reporter-output>
          </reporter-output>
        </test-method> <!-- afterTest -->
      </class> <!-- example.LoginPageTest -->
    </test> <!-- Test -->
  </suite> <!-- Suite -->
</testng-results>
